Build started 29/01/2016 19:07:58.
     1>Project "C:\Users\Ashley\Documents\GitHub\HF1_Studios_Game_Jam_2016\Ritual\Intermediate\ProjectFiles\Ritual.vcxproj" on node 2 (Build target(s)).
     1>Build:
         "C:\Program Files\Epic Games\4.5\Engine\Build\BatchFiles\Build.bat" RitualEditor Win64 Development "C:\Users\Ashley\Documents\GitHub\HF1_Studios_Game_Jam_2016\Ritual\Ritual.uproject" -rocket
         Parsing headers for RitualEditor
         Reflection code generated for RitualEditor
         Performing 10 actions (4 in parallel)
         [2/10] Resource ModuleVersionResource.rc.inl
         [3/10] Resource Ritual.rc
         PCH.Ritual.Ritual.h.cpp
         Ritual.generated.cpp
         RitualHUD.cpp
         RitualCharacter.cpp
         RitualGameMode.cpp
         RitualProjectile.cpp
         Ritual.cpp
         [10/10] Link UE4Editor-Ritual.dll
            Creating library C:\Users\Ashley\Documents\GitHub\HF1_Studios_Game_Jam_2016\Ritual\Intermediate\Build\Win64\RitualEditor\Development\UE4Editor-Ritual.lib and object C:\Users\Ashley\Documents\GitHub\HF1_Studios_Game_Jam_2016\Ritual\Intermediate\Build\Win64\RitualEditor\Development\UE4Editor-Ritual.exp
         -------- End Detailed Actions Stats -----------------------------------------------------------
         Cumulative action seconds (8 processors): 0.00 building projects, 18.16 compiling, 0.00 creating app bundles, 0.00 generating debug info, 2.00 linking, 0.00 other
         UBT execution time: 25.84 seconds
     1>Done Building Project "C:\Users\Ashley\Documents\GitHub\HF1_Studios_Game_Jam_2016\Ritual\Intermediate\ProjectFiles\Ritual.vcxproj" (Build target(s)).

Build succeeded.

Time Elapsed 00:00:28.32
