Log file open, 01/29/16 19:08:33
LogInit:Display: Running engine for game: Ritual
LogInit: Version: 4.5.1-2336687+++depot+UE4-Releases+4.5
LogInit: API Version: 2326478
LogInit: Compiled (64-bit): Oct 21 2014 22:32:40
LogInit: Compiled with Visual C++: 18.00.21005.01
LogInit: Build Configuration: Development
LogInit: Branch Name: ++depot+UE4-Releases+4.5
LogInit: Command line: 
LogInit: Base directory: C:/Program Files/Epic Games/4.5/Engine/Binaries/Win64/
LogInit: Rocket: 1
[2016.01.29-19.08.33:993][  0]LogTaskGraph: Started task graph with 3 named threads and 4 total threads.
[2016.01.29-19.08.34:027][  0]LogOnline:Warning: No default platform service specified for OnlineSubsystem
[2016.01.29-19.08.34:103][  0]LogInit: Presizing for 0 objects not considered by GC, pre-allocating 0 bytes.
[2016.01.29-19.08.34:110][  0]LogInit: Object subsystem initialized
[2016.01.29-19.08.34:113][  0]LogConsoleResponse:Warning: Skipping Unknown console variable: 'UIScaleRule = ShortestSide'
[2016.01.29-19.08.34:113][  0]LogConsoleResponse:Warning:   Found in ini file 'C:/Users/Ashley/Documents/GitHub/HF1_Studios_Game_Jam_2016/Ritual/Saved/Config/Windows/Engine.ini', in section '[/Script/Engine.RendererSettings]'
[2016.01.29-19.08.34:114][  0]LogConsoleResponse:Warning: Skipping Unknown console variable: 'UIScaleCurve = (EditorCurveData=(Keys=((Time=480,Value=0.444),(Time=720,Value=0.666),(Time=1080,Value=1.0),(Time=8640,Value=8.0))),ExternalCurve=None)'
[2016.01.29-19.08.34:114][  0]LogConsoleResponse:Warning:   Found in ini file 'C:/Users/Ashley/Documents/GitHub/HF1_Studios_Game_Jam_2016/Ritual/Saved/Config/Windows/Engine.ini', in section '[/Script/Engine.RendererSettings]'
[2016.01.29-19.08.34:115][  0]LogInit: Selected Device Profile: [Windows]
[2016.01.29-19.08.34:115][  0]LogInit: Applying CVar settings loaded from the selected device profile: [Windows]
[2016.01.29-19.08.34:119][  0]LogInit: Computer: ASH
[2016.01.29-19.08.34:120][  0]LogInit: User: Ashley
[2016.01.29-19.08.34:122][  0]LogInit: CPU Page size=4096, Cores=4
[2016.01.29-19.08.34:122][  0]LogInit: High frequency timer resolution =3.903991 MHz
[2016.01.29-19.08.34:122][  0]LogMemory: Memory total: Physical=15.9GB (16GB approx) Virtual=131072.0GB
[2016.01.29-19.08.34:123][  0]LogMemory: Platform Memory Stats for Windows
[2016.01.29-19.08.34:123][  0]LogMemory: Process Physical Memory: 61.78 MB used, 61.78 MB peak
[2016.01.29-19.08.34:123][  0]LogMemory: Process Virtual Memory: 37.53 MB used, 37.53 MB peak
[2016.01.29-19.08.34:124][  0]LogMemory: Physical Memory: 6574.05 MB used, 16326.82 MB total
[2016.01.29-19.08.34:124][  0]LogMemory: Virtual Memory: 279.14 MB used, 134217728.00 MB total
[2016.01.29-19.08.35:426][  0]LogD3D11RHI: Found D3D11 adapter 0: NVIDIA GeForce GTX 770 (Feature Level 11_0)
[2016.01.29-19.08.35:426][  0]LogD3D11RHI: Adapter has 1985MB of dedicated video memory, 0MB of dedicated system memory, and 2048MB of shared system memory, 2 output[s]
[2016.01.29-19.08.35:597][  0]LogD3D11RHI: Found D3D11 adapter 1: Microsoft Basic Render Driver (Feature Level 11_0)
[2016.01.29-19.08.35:597][  0]LogD3D11RHI: Adapter has 0MB of dedicated video memory, 0MB of dedicated system memory, and 256MB of shared system memory, 0 output[s]
[2016.01.29-19.08.35:598][  0]LogD3D11RHI: Chosen D3D11 Adapter Id = 0
[2016.01.29-19.08.35:603][  0]LogRHI: Texture pool is 1361 MB (70% of 1945 MB)
[2016.01.29-19.08.35:648][  0]LogD3D11RHI: Async texture creation enabled
[2016.01.29-19.08.36:759][  0]LogTextLocalizationManager: The requested culture ('en_GB') has no localization data; parent culture's ('en') localization data will be used.
[2016.01.29-19.08.36:857][  0]LogContentStreaming: Texture pool size is 0.000000MB
[2016.01.29-19.08.40:221][  0]LogTargetPlatformManager:Display: Building Assets For Windows
[2016.01.29-19.08.40:589][  0]LogTargetPlatformManager:Display: Building Assets For Windows
[2016.01.29-19.08.40:636][  0]LogDerivedDataCache:Display: Max Cache Size: 512 MB
[2016.01.29-19.08.40:666][  0]LogDerivedDataCache: Loaded boot cache 0.03s 39MB C:/Users/Ashley/AppData/Local/UnrealEngine/4.5/DerivedDataCache/Boot.ddc.
[2016.01.29-19.08.40:667][  0]LogDerivedDataCache:Display: Loaded Boot cache: C:/Users/Ashley/AppData/Local/UnrealEngine/4.5/DerivedDataCache/Boot.ddc
[2016.01.29-19.08.40:667][  0]LogDerivedDataCache: FDerivedDataBackendGraph:  Pak pak cache file ../../../../../../Users/Ashley/Documents/GitHub/HF1_Studios_Game_Jam_2016/Ritual/DerivedDataCache/DDC.ddp not found, will not use a pak cache.
[2016.01.29-19.08.40:667][  0]LogDerivedDataCache: Unable to find inner node Pak for hierarchical cache Hierarchy.
[2016.01.29-19.08.40:712][  0]LogDerivedDataCache:Display: Pak cache opened for reading ../../../Engine/DerivedDataCache/DDC.ddp.
[2016.01.29-19.08.40:725][  0]LogDerivedDataCache: Using Local data cache path C:/Users/Ashley/AppData/Local/UnrealEngine/Common/DerivedDataCache: Writable
[2016.01.29-19.08.40:870][  0]LogMeshUtilities: No automatic mesh reduction module available
[2016.01.29-19.08.40:870][  0]LogMeshUtilities: No automatic mesh merging module available
[2016.01.29-19.08.41:024][  0]LogLinker:Warning: Asset '../../../Engine/Content/Functions/Engine_MaterialFunctions02/Texturing/FlipBook.uasset' has been saved with empty engine version. The asset will be loaded but may be incompatible.
[2016.01.29-19.08.41:027][  0]LogLinker:Warning: Asset '../../../Engine/Content/Functions/Engine_MaterialFunctions02/ExampleContent/Textures/flipbook.uasset' has been saved with empty engine version. The asset will be loaded but may be incompatible.
[2016.01.29-19.08.41:194][  0]LogInit: WinSock: version 1.1 (2.2), MaxSocks=32767, MaxUdp=65467
[2016.01.29-19.08.42:147][  0]UdpMessaging: Initializing bridge on interface 0.0.0.0:0 to multicast group 230.0.0.1:6666.
[2016.01.29-19.08.42:414][  0]BlueprintLog:Warning: Warning Blueprint Projectile has been migrated and requires re-saving to avoid import errors
[2016.01.29-19.08.42:414][  0]LogAudioDerivedData:Display: Building compressed audio format OGG wave Template1rst_WeaponFire02...
[2016.01.29-19.08.42:462][  0]LogTexture:Display: Building textures: crosshair (AutoDXT)
[2016.01.29-19.08.42:800][  0]SourceControl: Info Source control is disabled
[2016.01.29-19.08.42:801][  0]SourceControl: Info Source control is disabled
[2016.01.29-19.08.42:822][  0]SourceControl: Info Source control is disabled
[2016.01.29-19.08.43:235][  0]LogObj: 27457 objects as part of root set at end of initial load.
[2016.01.29-19.08.43:236][  0]LogUObjectAllocator: 6364376 out of 0 bytes used by permanent object pool.
[2016.01.29-19.08.43:345][  0]LogEngine: Initializing Engine...
[2016.01.29-19.08.43:476][  0]LogInit: XAudio2 using 'Speakers (Realtek High Definition Audio)' : 2 channels at 48 kHz using 32 bits per sample (channel mask 0x3)
[2016.01.29-19.08.43:492][  0]LogInit: FAudioDevice initialized.
[2016.01.29-19.08.43:533][  0]LogAIModule: Creating AISystem for world NewWorld
[2016.01.29-19.08.43:551][  0]LogDerivedDataCache: Saved boot cache 0.02s 40MB C:/Users/Ashley/AppData/Local/UnrealEngine/4.5/DerivedDataCache/Boot.ddc.
[2016.01.29-19.08.43:554][  0]LogInit: Texture streaming: Enabled
[2016.01.29-19.08.43:625][  0]LogInit: Transaction tracking system initialized
[2016.01.29-19.08.43:729][  0]BlueprintLog: New page: Editor Load
[2016.01.29-19.08.43:762][  0]LogAssetRegistry: FAssetRegistry took 0.0114 seconds to start up
[2016.01.29-19.08.43:763][  0]LogDirectoryWatcher:Warning: Failed to begin reading directory changes for ../../../Engine/Plugins/Experimental/CharacterAI/Content/. Error: 0
[2016.01.29-19.08.44:195][  0]LogTargetPlatformManager:Display: Building Assets For Windows
[2016.01.29-19.08.44:442][  0]LogTargetPlatformManager:Display: Building Assets For Windows
[2016.01.29-19.08.45:925][  0]LogConsoleResponse:Display: 
[2016.01.29-19.08.46:109][  0]SourceControl: Info Source control is disabled
[2016.01.29-19.08.46:109][  0]Cmd: MAP LOAD FILE="../../../../../../Users/Ashley/Documents/GitHub/HF1_Studios_Game_Jam_2016/Ritual/Content/Maps/Example_Map.umap" TEMPLATE=0 SHOWPROGRESS=1
[2016.01.29-19.08.46:110][  0]LightingResults: New page: Lighting Build
[2016.01.29-19.08.46:119][  0]MapCheck: New page: Map Check
[2016.01.29-19.08.46:119][  0]LightingResults: New page: Lighting Build
[2016.01.29-19.08.46:133][  0]LogParticles: Destroying 0 GPU particle simulations for FXSystem 0x000000CFE2AA9120
[2016.01.29-19.08.46:291][  0]LogStaticMesh: Building static mesh TemplateCube_Rounded...
[2016.01.29-19.08.46:293][  0]LogStaticMesh: Built static mesh [2.208253ms] /Game/Meshes/TemplateCube_Rounded.TemplateCube_Rounded
[2016.01.29-19.08.46:316][  0]LogTexture:Display: Building textures: HQ_Lightmap0_1 (AutoDXT)
[2016.01.29-19.08.46:406][  0]LogTexture:Display: Building textures: HQ_Lightmap0_2 (AutoDXT)
[2016.01.29-19.08.46:412][  0]LogTexture:Display: Building textures: HQ_Lightmap1_2 (AutoDXT)
[2016.01.29-19.08.46:426][  0]LogTexture:Display: Building textures: LQ_Lightmap_0_1 (DXT1)
[2016.01.29-19.08.46:482][  0]LogTexture:Display: Building textures: LQ_Lightmap_1_2 (DXT1)
[2016.01.29-19.08.46:494][  0]LogTexture:Display: Building textures: ShadowMapTexture2D_0 (BGRA8)
[2016.01.29-19.08.46:516][  0]LogTexture:Display: Building textures: ShadowMapTexture2D_1 (BGRA8)
[2016.01.29-19.08.46:518][  0]LogTexture:Display: Building textures: ShadowMapTexture2D_2 (BGRA8)
[2016.01.29-19.08.46:539][  0]LogEditorServer: Finished looking for orphan Actors (0.000 secs)
[2016.01.29-19.08.46:540][  0]LogAIModule: Creating AISystem for world Example_Map
[2016.01.29-19.08.46:540][  0]Cmd: MAP CHECKDEP
[2016.01.29-19.08.46:541][  0]MapCheck: New page: Example_Map - 29 Jan 2016 19:08:46
[2016.01.29-19.08.46:658][  0]MapCheck: Info Map check complete: 0 Error(s), 0 Warning(s), took 117.156ms to complete.
[2016.01.29-19.08.46:658][  0]LogFileHelpers: Loading map 'Example_Map' took 0.549
[2016.01.29-19.08.46:987][  0]LogCollectionManager: Loaded 0 collections in 0.001290 seconds
[2016.01.29-19.08.47:896][  0]LogCrashTracker: Crashtracker disabled due to settings.
[2016.01.29-19.08.48:025][  0]LogLoad: Full Startup: 16.76 seconds (BP compile: 0.09 seconds)
[2016.01.29-19.08.48:394][  0]LogRenderer:Warning: Reallocating scene render targets to support 1136x904.
[2016.01.29-19.08.49:127][  2]LogAssetRegistry: Asset discovery search completed in 5.3768 seconds
[2016.01.29-19.09.02:783][558]LogPlayLevel: PIE:  No blueprints needed recompiling
[2016.01.29-19.09.02:798][558]PIE: New page: PIE session: Example_Map (29 Jan 2016 19:09:02)
[2016.01.29-19.09.02:837][558]LogPlayLevel: PIE: StaticDuplicateObject took: (0.038360s)
[2016.01.29-19.09.02:838][558]LogPlayLevel: PIE: World Init took: (0.000517s)
[2016.01.29-19.09.02:839][558]LogPlayLevel: PIE: Created PIE world by copying editor world from /Game/Maps/Example_Map.Example_Map to /Game/Maps/UEDPIE_0_Example_Map.Example_Map (0.039986s)
[2016.01.29-19.09.02:926][558]LogWorld: Game class is 'RitualGameMode'
[2016.01.29-19.09.02:947][558]LogAIModule: Creating AISystem for world Example_Map
[2016.01.29-19.09.02:948][558]LogWorld: Bringing World /Game/Maps/UEDPIE_0_Example_Map.Example_Map up for play (max tick rate 0) at 2016.01.29-19.09.02
[2016.01.29-19.09.02:949][558]LogWorld: Bringing up level for play took: 0.001481
[2016.01.29-19.09.02:992][558]PIE: Info Play in editor start time for /Game/Maps/UEDPIE_0_Example_Map 0.775
[2016.01.29-19.09.07:723][ 90]LogParticles: Destroying 0 GPU particle simulations for FXSystem 0x000000CFD7E84680
[2016.01.29-19.09.11:089][481]LogContentBrowser:Verbose: The content browser source was changed by the sources view to '/Game/Blueprints'
[2016.01.29-19.09.24:396][589]LogSlate:Warning: GetFontFace failed to load or process 'Roboto-Regular'
[2016.01.29-19.09.24:397][589]LogSlate:Warning: GetFontFace failed to load or process 'Roboto-Regular'
[2016.01.29-19.09.24:397][589]LogSlate:Warning: GetFontFace failed to load or process 'Roboto-Regular'
[2016.01.29-19.09.24:397][589]LogSlate:Warning: GetFontFace failed to load or process 'Roboto-Regular'
[2016.01.29-19.09.24:398][589]LogSlate:Warning